<?xml version="1.0" encoding="UTF-8"?>
<testsuite name="cn.hamster3.bot.test.BotTest" tests="1" skipped="0" failures="0" errors="0" timestamp="2021-06-20T02:27:14" hostname="DESKTOP-ET0JB1R" time="2.005">
  <properties/>
  <testcase name="sendGroupImage" classname="cn.hamster3.bot.test.BotTest" time="2.005"/>
  <system-out><![CDATA[{"Msg":"","Ret":0}
]]></system-out>
  <system-err><![CDATA[]]></system-err>
</testsuite>
